{
  "Cucumber": {
    "coverage": {
      "/home/ensign/playground/playlistr4_25/app/controllers/application_controller.rb": [
        1,
        null,
        null,
        1,
        null,
        1,
        null,
        1,
        null,
        1,
        0,
        null,
        null
      ],
      "/home/ensign/playground/playlistr4_25/app/helpers/application_helper.rb": [
        1,
        null,
        null
      ],
      "/home/ensign/playground/playlistr4_25/app/helpers/artists_helper.rb": [
        1,
        null
      ],
      "/home/ensign/playground/playlistr4_25/app/helpers/category_helper.rb": [
        1,
        null
      ],
      "/home/ensign/playground/playlistr4_25/app/helpers/genre_helper.rb": [
        1,
        null
      ],
      "/home/ensign/playground/playlistr4_25/app/helpers/home_helper.rb": [
        1,
        null
      ],
      "/home/ensign/playground/playlistr4_25/app/controllers/artists_controller.rb": [
        1,
        1,
        null,
        null,
        null,
        1,
        1,
        0,
        0,
        null,
        1,
        null,
        null,
        null,
        null
      ],
      "/home/ensign/playground/playlistr4_25/app/controllers/categories_controller.rb": [
        1,
        null,
        1,
        null,
        6,
        6,
        6,
        6,
        4,
        4,
        null,
        null,
        2,
        null,
        2,
        2,
        null,
        null,
        2,
        null,
        2,
        40,
        null,
        null,
        2,
        null,
        null,
        null,
        null,
        null,
        null
      ],
      "/home/ensign/playground/playlistr4_25/app/controllers/genre_controller.rb": [
        1,
        1,
        null,
        null,
        1,
        null,
        null
      ],
      "/home/ensign/playground/playlistr4_25/app/controllers/home_controller.rb": [
        1,
        null,
        1,
        8,
        null,
        8,
        0,
        null,
        8,
        null,
        null,
        8,
        null,
        6,
        null,
        2,
        2,
        1,
        1,
        null,
        1,
        1,
        null,
        null,
        null,
        0,
        null,
        null,
        null,
        null,
        1,
        0,
        0,
        0,
        0,
        0,
        null,
        0,
        null,
        null
      ],
      "/home/ensign/playground/playlistr4_25/app/models/home.rb": [
        1,
        1,
        null
      ]
    },
    "timestamp": 1461717673
  },
  "RSpec": {
    "coverage": {
      "/home/ensign/playground/playlistr4_25/app/controllers/application_controller.rb": [
        1,
        null,
        null,
        1,
        null,
        1,
        null,
        1,
        null,
        1,
        0,
        null,
        null
      ],
      "/home/ensign/playground/playlistr4_25/app/helpers/application_helper.rb": [
        1,
        null,
        null
      ],
      "/home/ensign/playground/playlistr4_25/app/helpers/artists_helper.rb": [
        1,
        null
      ],
      "/home/ensign/playground/playlistr4_25/app/helpers/category_helper.rb": [
        1,
        null
      ],
      "/home/ensign/playground/playlistr4_25/app/helpers/genre_helper.rb": [
        1,
        null
      ],
      "/home/ensign/playground/playlistr4_25/app/helpers/home_helper.rb": [
        1,
        null
      ],
      "/home/ensign/playground/playlistr4_25/app/controllers/artists_controller.rb": [
        1,
        1,
        null,
        null,
        null,
        1,
        0,
        0,
        0,
        null,
        0,
        null,
        null,
        null,
        null
      ],
      "/home/ensign/playground/playlistr4_25/app/controllers/categories_controller.rb": [
        1,
        null,
        1,
        null,
        0,
        0,
        0,
        0,
        0,
        0,
        null,
        null,
        0,
        null,
        0,
        0,
        null,
        null,
        0,
        null,
        0,
        0,
        null,
        null,
        0,
        null,
        null,
        null,
        null,
        null,
        null
      ],
      "/home/ensign/playground/playlistr4_25/app/controllers/genre_controller.rb": [
        1,
        1,
        null,
        null,
        1,
        null,
        null
      ],
      "/home/ensign/playground/playlistr4_25/app/controllers/home_controller.rb": [
        1,
        null,
        1,
        0,
        null,
        0,
        0,
        null,
        0,
        null,
        null,
        0,
        null,
        0,
        null,
        0,
        0,
        0,
        0,
        null,
        0,
        0,
        null,
        null,
        null,
        0,
        null,
        null,
        null,
        null,
        1,
        0,
        0,
        0,
        0,
        0,
        null,
        0,
        null,
        null
      ],
      "/home/ensign/playground/playlistr4_25/app/models/home.rb": [
        1,
        1,
        null
      ]
    },
    "timestamp": 1461717717
  }
}
